<?xml version="1.0" encoding="UTF-8"?>
<!-- Generated by org.testng.reporters.JUnitXMLReporter -->
<testsuite ignored="0" hostname="Bharti" failures="0" tests="6" name="Test" time="0.529" errors="0" timestamp="2024-09-23T23:35:50 IST">
  <testcase classname="FirstSegment_SR1.FirstSegment" name="UserIDCreation" time="0.155"/>
  <testcase classname="FirstSegment_SR1.FirstSegment" name="User_name_field" time="0.006"/>
  <testcase classname="SecondSegment_SR2.SecondSegment" name="Menu_Option" time="0.019"/>
  <testcase classname="SecondSegment_SR2.SecondSegment" name="SerchOption" time="0.022"/>
  <testcase classname="ThirdSegment_SR3.thirdsegment" name="Multiple_Product" time="0.011"/>
  <testcase classname="ThirdSegment_SR3.thirdsegment" name="Product_list" time="0.012"/>
</testsuite> <!-- Test -->
